<?xml version="1.0" encoding="UTF-8"?>
<!-- Generated by org.testng.reporters.JUnitXMLReporter -->
<testsuite ignored="0" hostname="DESKTOP-168484D" failures="0" tests="6" name="Default test" time="0.251" errors="0" timestamp="06 Sep 2019 08:05:42 GMT">
  <testcase classname="global.coda.HospitalManagementSystem.operations.PatientServicesTest" name="createPatientObjectTestInValid" time="0.007"/>
  <testcase classname="global.coda.HospitalManagementSystem.operations.PatientServicesTest" name="createPatientObjectTestValid" time="0.011"/>
  <testcase classname="global.coda.HospitalManagementSystem.operations.PatientServicesTest" name="deletePatientObjectTestValid" time="0.01"/>
  <testcase classname="global.coda.HospitalManagementSystem.operations.PatientServicesTest" name="readPatientObjectTestInvalidEmpty" time="0.005"/>
  <testcase classname="global.coda.HospitalManagementSystem.operations.PatientServicesTest" name="readPatientObjectTestInvalidOverflow" time="0.002"/>
  <testcase classname="global.coda.HospitalManagementSystem.operations.PatientServicesTest" name="updatePatientObjectTestValid" time="0.009"/>
</testsuite> <!-- Default test -->
