<?xml version="1.0" encoding="UTF-8"?>
<testng-results ignored="0" total="6" passed="6" failed="0" skipped="0">
  <reporter-output>
  </reporter-output>
  <suite started-at="2019-09-06T08:05:42Z" name="Default suite" finished-at="2019-09-06T08:05:42Z" duration-ms="251">
    <groups>
    </groups>
    <test started-at="2019-09-06T08:05:42Z" name="Default test" finished-at="2019-09-06T08:05:42Z" duration-ms="251">
      <class name="global.coda.HospitalManagementSystem.operations.PatientServicesTest">
        <test-method is-config="true" signature="setUp()[pri:0, instance:global.coda.HospitalManagementSystem.operations.PatientServicesTest@3b2cf7ab]" started-at="2019-09-06T08:05:42Z" name="setUp" finished-at="2019-09-06T08:05:42Z" duration-ms="135" status="PASS">
          <reporter-output>
          </reporter-output>
        </test-method> <!-- setUp -->
        <test-method signature="createPatientObjectTestInValid()[pri:0, instance:global.coda.HospitalManagementSystem.operations.PatientServicesTest@3b2cf7ab]" started-at="2019-09-06T08:05:42Z" name="createPatientObjectTestInValid" finished-at="2019-09-06T08:05:42Z" duration-ms="7" status="PASS">
          <reporter-output>
          </reporter-output>
        </test-method> <!-- createPatientObjectTestInValid -->
        <test-method is-config="true" signature="setUp()[pri:0, instance:global.coda.HospitalManagementSystem.operations.PatientServicesTest@3b2cf7ab]" started-at="2019-09-06T08:05:42Z" name="setUp" finished-at="2019-09-06T08:05:42Z" duration-ms="1" status="PASS">
          <reporter-output>
          </reporter-output>
        </test-method> <!-- setUp -->
        <test-method signature="createPatientObjectTestValid()[pri:0, instance:global.coda.HospitalManagementSystem.operations.PatientServicesTest@3b2cf7ab]" started-at="2019-09-06T08:05:42Z" name="createPatientObjectTestValid" finished-at="2019-09-06T08:05:42Z" duration-ms="11" status="PASS">
          <reporter-output>
          </reporter-output>
        </test-method> <!-- createPatientObjectTestValid -->
        <test-method signature="deletePatientObjectTestValid()[pri:0, instance:global.coda.HospitalManagementSystem.operations.PatientServicesTest@3b2cf7ab]" started-at="2019-09-06T08:05:42Z" name="deletePatientObjectTestValid" finished-at="2019-09-06T08:05:42Z" duration-ms="10" status="PASS">
          <reporter-output>
          </reporter-output>
        </test-method> <!-- deletePatientObjectTestValid -->
        <test-method is-config="true" signature="setUp()[pri:0, instance:global.coda.HospitalManagementSystem.operations.PatientServicesTest@3b2cf7ab]" started-at="2019-09-06T08:05:42Z" name="setUp" finished-at="2019-09-06T08:05:42Z" duration-ms="0" status="PASS">
          <reporter-output>
          </reporter-output>
        </test-method> <!-- setUp -->
        <test-method is-config="true" signature="setUp()[pri:0, instance:global.coda.HospitalManagementSystem.operations.PatientServicesTest@3b2cf7ab]" started-at="2019-09-06T08:05:42Z" name="setUp" finished-at="2019-09-06T08:05:42Z" duration-ms="0" status="PASS">
          <reporter-output>
          </reporter-output>
        </test-method> <!-- setUp -->
        <test-method signature="readPatientObjectTestInvalidEmpty()[pri:0, instance:global.coda.HospitalManagementSystem.operations.PatientServicesTest@3b2cf7ab]" started-at="2019-09-06T08:05:42Z" name="readPatientObjectTestInvalidEmpty" finished-at="2019-09-06T08:05:42Z" duration-ms="5" status="PASS">
          <reporter-output>
          </reporter-output>
        </test-method> <!-- readPatientObjectTestInvalidEmpty -->
        <test-method signature="readPatientObjectTestInvalidOverflow()[pri:0, instance:global.coda.HospitalManagementSystem.operations.PatientServicesTest@3b2cf7ab]" started-at="2019-09-06T08:05:42Z" name="readPatientObjectTestInvalidOverflow" finished-at="2019-09-06T08:05:42Z" duration-ms="2" status="PASS">
          <reporter-output>
          </reporter-output>
        </test-method> <!-- readPatientObjectTestInvalidOverflow -->
        <test-method is-config="true" signature="setUp()[pri:0, instance:global.coda.HospitalManagementSystem.operations.PatientServicesTest@3b2cf7ab]" started-at="2019-09-06T08:05:42Z" name="setUp" finished-at="2019-09-06T08:05:42Z" duration-ms="0" status="PASS">
          <reporter-output>
          </reporter-output>
        </test-method> <!-- setUp -->
        <test-method signature="updatePatientObjectTestValid()[pri:0, instance:global.coda.HospitalManagementSystem.operations.PatientServicesTest@3b2cf7ab]" started-at="2019-09-06T08:05:42Z" name="updatePatientObjectTestValid" finished-at="2019-09-06T08:05:42Z" duration-ms="9" status="PASS">
          <reporter-output>
          </reporter-output>
        </test-method> <!-- updatePatientObjectTestValid -->
        <test-method is-config="true" signature="setUp()[pri:0, instance:global.coda.HospitalManagementSystem.operations.PatientServicesTest@3b2cf7ab]" started-at="2019-09-06T08:05:42Z" name="setUp" finished-at="2019-09-06T08:05:42Z" duration-ms="0" status="PASS">
          <reporter-output>
          </reporter-output>
        </test-method> <!-- setUp -->
      </class> <!-- global.coda.HospitalManagementSystem.operations.PatientServicesTest -->
    </test> <!-- Default test -->
  </suite> <!-- Default suite -->
</testng-results>
